{
  "RSpec": {
    "coverage": {
      "/Users/student/Projects/Oystercard/spec/features/user_stories_spec.rb": [
        null,
        null,
        1,
        1,
        8,
        4,
        2,
        5,
        2,
        null,
        null,
        null,
        null,
        1,
        1,
        null,
        null,
        1,
        null,
        null,
        null,
        1,
        4,
        null,
        null,
        null,
        null,
        null,
        1,
        1,
        1,
        1,
        2,
        null,
        null,
        null,
        null,
        1,
        null,
        null,
        null,
        1,
        1,
        1,
        1,
        1,
        null,
        null,
        null,
        null,
        null,
        1,
        1,
        1,
        2,
        null,
        null,
        null,
        null,
        null,
        null,
        1,
        1,
        1,
        2,
        null,
        null,
        null,
        null,
        null,
        null,
        null,
        null,
        null,
        null,
        null,
        null,
        1,
        1,
        1,
        1,
        1,
        null,
        null,
        null,
        null
      ],
      "/Users/student/Projects/Oystercard/lib/oystercard.rb": [
        null,
        null,
        1,
        1,
        null,
        1,
        1,
        null,
        1,
        1,
        null,
        1,
        15,
        15,
        15,
        null,
        null,
        1,
        13,
        null,
        11,
        null,
        null,
        1,
        7,
        null,
        6,
        4,
        null,
        2,
        2,
        null,
        null,
        null,
        null,
        1,
        null,
        6,
        6,
        null,
        null,
        1,
        1,
        null,
        null,
        1,
        null,
        1,
        13,
        null,
        null,
        1,
        7,
        null,
        null,
        1,
        8,
        null,
        null,
        null
      ],
      "/Users/student/Projects/Oystercard/lib/station.rb": [
        1,
        1,
        1,
        7,
        7,
        null,
        null
      ],
      "/Users/student/Projects/Oystercard/lib/journey_log.rb": [
        1,
        1,
        1,
        1,
        10,
        10,
        10,
        null,
        null,
        1,
        6,
        null,
        null,
        1,
        5,
        5,
        null,
        null,
        1,
        5,
        5,
        5,
        null,
        null,
        1,
        2,
        null,
        null,
        1,
        null,
        1,
        5,
        1,
        null,
        4,
        null,
        null,
        null,
        1,
        5,
        5,
        null,
        null
      ],
      "/Users/student/Projects/Oystercard/lib/journey.rb": [
        1,
        null,
        1,
        1,
        null,
        null,
        1,
        9,
        9,
        null,
        null,
        1,
        9,
        6,
        null,
        3,
        null,
        null,
        null,
        1,
        8,
        null,
        null,
        1,
        null,
        1,
        9,
        null,
        null,
        1,
        6,
        null,
        null
      ],
      "/Users/student/Projects/Oystercard/spec/journey_log_spec.rb": [
        1,
        1,
        4,
        4,
        4,
        4,
        null,
        1,
        1,
        1,
        1,
        null,
        null,
        null,
        1,
        1,
        1,
        1,
        1,
        1,
        null,
        null,
        null,
        1,
        1,
        1,
        1,
        1,
        null,
        null,
        null
      ],
      "/Users/student/Projects/Oystercard/spec/journey_spec.rb": [
        1,
        null,
        1,
        6,
        2,
        2,
        3,
        null,
        1,
        1,
        1,
        1,
        1,
        null,
        null,
        1,
        1,
        1,
        1,
        null,
        null,
        1,
        1,
        1,
        null,
        null,
        1,
        1,
        1,
        1,
        null,
        null,
        1,
        1,
        1,
        1,
        null,
        null,
        null
      ],
      "/Users/student/Projects/Oystercard/spec/oystercard_spec.rb": [
        null,
        null,
        1,
        null,
        1,
        9,
        9,
        3,
        2,
        3,
        1,
        null,
        1,
        1,
        null,
        1,
        1,
        4,
        null,
        1,
        1,
        2,
        null,
        null,
        null,
        1,
        1,
        1,
        1,
        1,
        2,
        null,
        null,
        null,
        1,
        1,
        1,
        null,
        null,
        1,
        1,
        1,
        1,
        1,
        1,
        null,
        null,
        null,
        null,
        1,
        1,
        1,
        1,
        2,
        null,
        null,
        1,
        1,
        2,
        null,
        null,
        1,
        1,
        1,
        null,
        null,
        1,
        1,
        1,
        1,
        1,
        null,
        null,
        null,
        null,
        null
      ],
      "/Users/student/Projects/Oystercard/spec/station_spec.rb": [
        1,
        null,
        1,
        3,
        3,
        3,
        null,
        1,
        1,
        null,
        null,
        1,
        1,
        null,
        null
      ]
    },
    "timestamp": 1564694698
  }
}
